<?xml version="1.0" encoding="UTF-8"?>
<!-- Generated by org.testng.reporters.JUnitReportReporter -->
<testsuite hostname="DESKTOP-S09EF0M" failures="0" tests="2" name="Test.ReportsPage" time="37.170" errors="0" timestamp="2024-05-21T18:59:58 IST" skipped="0">
  <testcase classname="Test.ReportsPage" name="click_on_Every_Reports" time="18.557"/>
  <system-out/>
  <testcase classname="Test.ReportsPage" name="Reports" time="18.613"/>
  <system-out/>
</testsuite> <!-- Test.ReportsPage -->
