<?xml version="1.0" encoding="UTF-8"?>
<!-- Generated by org.testng.reporters.JUnitReportReporter -->
<testsuite hostname="DESKTOP-S09EF0M" failures="0" tests="2" name="Test.PosPage" time="32.973" errors="0" timestamp="2024-05-21T18:59:58 IST" skipped="0">
  <testcase classname="Test.PosPage" name="click_the_Pos_button" time="15.820"/>
  <system-out/>
  <testcase classname="Test.PosPage" name="counter_button" time="17.153"/>
  <system-out/>
</testsuite> <!-- Test.PosPage -->
