<?xml version="1.0" encoding="UTF-8"?>
<!-- Generated by org.testng.reporters.JUnitReportReporter -->
<testsuite hostname="DESKTOP-S09EF0M" failures="0" tests="1" name="Test.InventorySupplierPage" time="14.999" errors="0" timestamp="2024-05-21T18:59:57 IST" skipped="0">
  <testcase classname="Test.InventorySupplierPage" name="click_on_supplier_button" time="14.999"/>
  <system-out/>
</testsuite> <!-- Test.InventorySupplierPage -->
