<?xml version="1.0" encoding="UTF-8"?>
<!-- Generated by org.testng.reporters.JUnitReportReporter -->
<testsuite hostname="DESKTOP-S09EF0M" failures="0" tests="1" name="Test.LogoutPage" time="27.215" errors="0" timestamp="2024-05-21T18:59:57 IST" skipped="0">
  <testcase classname="Test.LogoutPage" name="Logout" time="27.215"/>
  <system-out/>
</testsuite> <!-- Test.LogoutPage -->
