<?xml version="1.0" encoding="UTF-8"?>
<!-- Generated by org.testng.reporters.JUnitReportReporter -->
<testsuite hostname="DESKTOP-S09EF0M" failures="0" tests="1" name="Test.InventorySupplierPage" time="13.225" errors="0" timestamp="2024-05-21T16:02:14 IST" skipped="0">
  <testcase classname="Test.InventorySupplierPage" name="click_on_supplier_button" time="13.225"/>
  <system-out/>
</testsuite> <!-- Test.InventorySupplierPage -->
