<?xml version="1.0" encoding="UTF-8"?>
<!-- Generated by org.testng.reporters.JUnitReportReporter -->
<testsuite hostname="DESKTOP-S09EF0M" failures="0" tests="1" name="Test.Login" time="12.518" errors="0" timestamp="2024-05-21T18:59:58 IST" skipped="0">
  <testcase classname="Test.Login" name="user_validate_the_username_and_password" time="12.518"/>
  <system-out/>
</testsuite> <!-- Test.Login -->
