<?xml version="1.0" encoding="UTF-8"?>
<!-- Generated by org.testng.reporters.JUnitReportReporter -->
<testsuite hostname="DESKTOP-S09EF0M" failures="0" tests="2" name="Test.PosPage" time="34.206" errors="0" timestamp="2024-05-21T16:02:14 IST" skipped="0">
  <testcase classname="Test.PosPage" name="click_the_Pos_button" time="18.579"/>
  <system-out/>
  <testcase classname="Test.PosPage" name="counter_button" time="15.627"/>
  <system-out/>
</testsuite> <!-- Test.PosPage -->
