<?xml version="1.0" encoding="UTF-8"?>
<!-- Generated by org.testng.reporters.JUnitReportReporter -->
<testsuite hostname="DESKTOP-S09EF0M" failures="0" tests="1" name="Test.foodersCpPage" time="16.351" errors="0" timestamp="2024-05-21T18:59:58 IST" skipped="0">
  <testcase classname="Test.foodersCpPage" name="FooderCp" time="16.351"/>
  <system-out/>
</testsuite> <!-- Test.foodersCpPage -->
